<?xml version="1.0" encoding="UTF-8"?><testrun name="QuickSortTest" project="src" tests="6" started="6" failures="4" errors="0" ignored="0">
  <testsuite name="teste.QuickSortTest" time="0.05" displayname="QuickSortTest" uniqueid="[engine:junit-vintage]/[runner:teste.QuickSortTest]">
    <testcase name="testArrayVazio" classname="teste.QuickSortTest" time="0.005" displayname="testArrayVazio" uniqueid="[engine:junit-vintage]/[runner:teste.QuickSortTest]/[test:testArrayVazio(teste.QuickSortTest)]"/>
    <testcase name="testArrayElementosDuplicado" classname="teste.QuickSortTest" time="0.025" displayname="testArrayElementosDuplicado" uniqueid="[engine:junit-vintage]/[runner:teste.QuickSortTest]/[test:testArrayElementosDuplicado(teste.QuickSortTest)]">
      <failure>arrays first differed at element [0]; expected:&lt;0&gt; but was:&lt;3&gt;&#13;
	at org.junit.internal.ComparisonCriteria.arrayEquals(ComparisonCriteria.java:78)&#13;
	at org.junit.internal.ComparisonCriteria.arrayEquals(ComparisonCriteria.java:28)&#13;
	at org.junit.Assert.internalArrayEquals(Assert.java:534)&#13;
	at org.junit.Assert.assertArrayEquals(Assert.java:418)&#13;
	at org.junit.Assert.assertArrayEquals(Assert.java:429)&#13;
	at teste.QuickSortTest.testArrayElementosDuplicado(QuickSortTest.java:48)&#13;
	at java.base/java.lang.reflect.Method.invoke(Method.java:568)&#13;
Caused by: java.lang.AssertionError: expected:&lt;0&gt; but was:&lt;3&gt;&#13;
	at org.junit.Assert.fail(Assert.java:89)&#13;
	at org.junit.Assert.failNotEquals(Assert.java:835)&#13;
	at org.junit.Assert.assertEquals(Assert.java:120)&#13;
	at org.junit.Assert.assertEquals(Assert.java:146)&#13;
	at org.junit.internal.ExactComparisonCriteria.assertElementsEqual(ExactComparisonCriteria.java:8)&#13;
	at org.junit.internal.ComparisonCriteria.arrayEquals(ComparisonCriteria.java:76)&#13;
	... 6 more&#13;
&#13;
</failure>
    </testcase>
    <testcase name="testSortedArray" classname="teste.QuickSortTest" time="0.001" displayname="testSortedArray" uniqueid="[engine:junit-vintage]/[runner:teste.QuickSortTest]/[test:testSortedArray(teste.QuickSortTest)]"/>
    <testcase name="testArrayUmElemento" classname="teste.QuickSortTest" time="0.003" displayname="testArrayUmElemento" uniqueid="[engine:junit-vintage]/[runner:teste.QuickSortTest]/[test:testArrayUmElemento(teste.QuickSortTest)]">
      <failure>java.lang.AssertionError: actual array was null&#13;
	at org.junit.Assert.fail(Assert.java:89)&#13;
	at org.junit.internal.ComparisonCriteria.arrayEquals(ComparisonCriteria.java:49)&#13;
	at org.junit.internal.ComparisonCriteria.arrayEquals(ComparisonCriteria.java:28)&#13;
	at org.junit.Assert.internalArrayEquals(Assert.java:534)&#13;
	at org.junit.Assert.assertArrayEquals(Assert.java:418)&#13;
	at org.junit.Assert.assertArrayEquals(Assert.java:429)&#13;
	at teste.QuickSortTest.testArrayUmElemento(QuickSortTest.java:24)&#13;
	at java.base/java.lang.reflect.Method.invoke(Method.java:568)&#13;
&#13;
</failure>
    </testcase>
    <testcase name="testArrayElementosNegativos" classname="teste.QuickSortTest" time="0.009" displayname="testArrayElementosNegativos" uniqueid="[engine:junit-vintage]/[runner:teste.QuickSortTest]/[test:testArrayElementosNegativos(teste.QuickSortTest)]">
      <failure>arrays first differed at element [0]; expected:&lt;-5&gt; but was:&lt;-3&gt;&#13;
	at org.junit.internal.ComparisonCriteria.arrayEquals(ComparisonCriteria.java:78)&#13;
	at org.junit.internal.ComparisonCriteria.arrayEquals(ComparisonCriteria.java:28)&#13;
	at org.junit.Assert.internalArrayEquals(Assert.java:534)&#13;
	at org.junit.Assert.assertArrayEquals(Assert.java:418)&#13;
	at org.junit.Assert.assertArrayEquals(Assert.java:429)&#13;
	at teste.QuickSortTest.testArrayElementosNegativos(QuickSortTest.java:56)&#13;
	at java.base/java.lang.reflect.Method.invoke(Method.java:568)&#13;
Caused by: java.lang.AssertionError: expected:&lt;-5&gt; but was:&lt;-3&gt;&#13;
	at org.junit.Assert.fail(Assert.java:89)&#13;
	at org.junit.Assert.failNotEquals(Assert.java:835)&#13;
	at org.junit.Assert.assertEquals(Assert.java:120)&#13;
	at org.junit.Assert.assertEquals(Assert.java:146)&#13;
	at org.junit.internal.ExactComparisonCriteria.assertElementsEqual(ExactComparisonCriteria.java:8)&#13;
	at org.junit.internal.ComparisonCriteria.arrayEquals(ComparisonCriteria.java:76)&#13;
	... 6 more&#13;
&#13;
</failure>
    </testcase>
    <testcase name="testArrayInverso" classname="teste.QuickSortTest" time="0.006" displayname="testArrayInverso" uniqueid="[engine:junit-vintage]/[runner:teste.QuickSortTest]/[test:testArrayInverso(teste.QuickSortTest)]">
      <failure>arrays first differed at element [0]; expected:&lt;1&gt; but was:&lt;5&gt;&#13;
	at org.junit.internal.ComparisonCriteria.arrayEquals(ComparisonCriteria.java:78)&#13;
	at org.junit.internal.ComparisonCriteria.arrayEquals(ComparisonCriteria.java:28)&#13;
	at org.junit.Assert.internalArrayEquals(Assert.java:534)&#13;
	at org.junit.Assert.assertArrayEquals(Assert.java:418)&#13;
	at org.junit.Assert.assertArrayEquals(Assert.java:429)&#13;
	at teste.QuickSortTest.testArrayInverso(QuickSortTest.java:40)&#13;
	at java.base/java.lang.reflect.Method.invoke(Method.java:568)&#13;
Caused by: java.lang.AssertionError: expected:&lt;1&gt; but was:&lt;5&gt;&#13;
	at org.junit.Assert.fail(Assert.java:89)&#13;
	at org.junit.Assert.failNotEquals(Assert.java:835)&#13;
	at org.junit.Assert.assertEquals(Assert.java:120)&#13;
	at org.junit.Assert.assertEquals(Assert.java:146)&#13;
	at org.junit.internal.ExactComparisonCriteria.assertElementsEqual(ExactComparisonCriteria.java:8)&#13;
	at org.junit.internal.ComparisonCriteria.arrayEquals(ComparisonCriteria.java:76)&#13;
	... 6 more&#13;
&#13;
</failure>
    </testcase>
  </testsuite>
</testrun>
